/home/tpelletreaudur/.local/lib/python3.10/site-packages/torch_geometric/data/in_memory_dataset.py:300: UserWarning: It is not recommended to directly access the internal storage format `data` of an 'InMemoryDataset'. If you are absolutely certain what you are doing, access the internal storage via `InMemoryDataset._data` instead to suppress this warning. Alternatively, you can access stacked individual attributes of every graph via `dataset.{attr_name}`.
  warnings.warn(msg)
Net(
  (conv1): GCNConv(10, 60)
  (conv2): GCNConv(60, 60)
  (conv3): GCNConv(60, 60)
  (conv4): GCNConv(60, 60)
  (lin1): Linear(in_features=60, out_features=60, bias=True)
  (lin2): Linear(in_features=60, out_features=10, bias=True)
  (lin3): Linear(in_features=10, out_features=2, bias=True)
)
tensor([1645,  622,  931,  ...,  788, 1892,  569])
BA_2grid_house_no_isomorphic(1589)
we loaded the weights
Test Loss: 0.024, Train Acc: 0.977, Test Acc: 0.967
[(23, 28, 0.11067193675889328, 4.474308300395257, 26, 1.0, 0.8753234989648032, 23), (20, 23, 0.12105263157894737, 4.068421052631579, 23, 0.0, 0.5538949275362319, 20), (23, 28, 0.11067193675889328, 4.490118577075099, 26, 1.0, 0.7575396825396826, 23)]
[(21, 24, 0.11428571428571428, 3.6095238095238096, 24, 0.0, 0.5527777777777777, 21), (21, 24, 0.11428571428571428, 3.4095238095238094, 24, 0.0, 0.5645833333333333, 21), (29, 34, 0.08374384236453201, 3.9310344827586206, 32, 1.0, 0.7376484289367922, 29)]
Traceback (most recent call last):
  File "/gpfs/home3/tpelletreaudur/Probing-GNN-representations/Probing_GCN_L2.py", line 194, in <module>
    train_features = reindex_graph_embeddings(train_features)
  File "/gpfs/home3/tpelletreaudur/Probing-GNN-representations/Probing_GCN_L2.py", line 184, in reindex_graph_embeddings
    norms = torch.norm(layer_tensor, dim=1)
  File "/sw/arch/RHEL8/EB_production/2022/software/PyTorch/1.12.0-foss-2022a-CUDA-11.7.0/lib/python3.10/site-packages/torch/functional.py", line 1472, in norm
    return _VF.frobenius_norm(input, _dim, keepdim=keepdim)
IndexError: Dimension out of range (expected to be in range of [-1, 0], but got 1)

JOB STATISTICS
==============
Job ID: 8012947
Cluster: snellius
User/Group: tpelletreaudur/tpelletreaudur
State: RUNNING
Nodes: 1
Cores per node: 16
CPU Utilized: 00:00:00
CPU Efficiency: 0.00% of 00:17:36 core-walltime
Job Wall-clock time: 00:01:06
Memory Utilized: 0.00 MB (estimated maximum)
Memory Efficiency: 0.00% of 28.00 GB (1.75 GB/core)
WARNING: Efficiency statistics may be misleading for RUNNING jobs.
