Lmod Warning:
-------------------------------------------------------------------------------
The following dependent module(s) are not currently loaded: OpenSSL/1.1
(required by: libevent/2.1.12-GCCcore-11.3.0)
-------------------------------------------------------------------------------



GPU available? True
555.42.06
Python 3.10.4
/home/tpelletreaudur/.local/lib/python3.10/site-packages/torch_geometric/deprecation.py:26: UserWarning: 'data.DataLoader' is deprecated, use 'loader.DataLoader' instead
  warnings.warn(out)
/home/tpelletreaudur/.local/lib/python3.10/site-packages/torch_geometric/deprecation.py:26: UserWarning: 'data.DataLoader' is deprecated, use 'loader.DataLoader' instead
  warnings.warn(out)
/gpfs/home3/tpelletreaudur/Probing-GNN-representations/FC_probing_GIN_MDD.py:1102: ComplexWarning: Casting complex values to real discards the imaginary part
  train_y = torch.tensor(train_properties, dtype=torch.float32)
/gpfs/home3/tpelletreaudur/Probing-GNN-representations/FC_probing_GIN_MDD.py:1103: ComplexWarning: Casting complex values to real discards the imaginary part
  test_y = torch.tensor(test_properties, dtype=torch.float32)
/gpfs/home3/tpelletreaudur/Probing-GNN-representations/FC_probing_GIN_MDD.py:1112: ComplexWarning: Casting complex values to real discards the imaginary part
  train_y_long = torch.tensor(train_properties_long, dtype=torch.float32)
/gpfs/home3/tpelletreaudur/Probing-GNN-representations/FC_probing_GIN_MDD.py:1113: ComplexWarning: Casting complex values to real discards the imaginary part
  test_y_long = torch.tensor(test_properties_long, dtype=torch.float32)
slurmstepd: error: *** JOB 7702871 ON gcn47 CANCELLED AT 2024-09-03T13:53:36 DUE TO TIME LIMIT ***

JOB STATISTICS
==============
Job ID: 7702871
Cluster: snellius
User/Group: tpelletreaudur/tpelletreaudur
State: TIMEOUT (exit code 0)
Nodes: 1
Cores per node: 18
CPU Utilized: 00:00:03
CPU Efficiency: 0.00% of 15-00:01:30 core-walltime
Job Wall-clock time: 20:00:05
Memory Utilized: 4.25 GB
Memory Efficiency: 3.54% of 120.00 GB
