To connect to the notebook type the following command into your local terminal:
ssh -N -J tpelletreaudur@int4-pub.snellius.surf.nl tpelletreaudur@gcn66.local.snellius.surf.nl -L 5836:localhost:5836

After connection is established in your local browser go to the address:
http://localhost:5836
[I 11:51:32.467 NotebookApp] Serving notebooks from local directory: /gpfs/home3/tpelletreaudur/Probing-GNN-representations
[I 11:51:32.467 NotebookApp] Jupyter Notebook 6.4.0 is running at:
[I 11:51:32.467 NotebookApp] http://localhost:5836/?token=6af31a3e2694887c2596ad259604d435d317718f5de176c8
[I 11:51:32.467 NotebookApp]  or http://127.0.0.1:5836/?token=6af31a3e2694887c2596ad259604d435d317718f5de176c8
[I 11:51:32.467 NotebookApp] Use Control-C to stop this server and shut down all kernels (twice to skip confirmation).
[C 11:51:32.472 NotebookApp] 
    
    To access the notebook, open this file in a browser:
        file:///gpfs/home3/tpelletreaudur/.local/share/jupyter/runtime/nbserver-1729612-open.html
    Or copy and paste one of these URLs:
        http://localhost:5836/?token=6af31a3e2694887c2596ad259604d435d317718f5de176c8
     or http://127.0.0.1:5836/?token=6af31a3e2694887c2596ad259604d435d317718f5de176c8
[I 12:01:15.424 NotebookApp] 302 GET /?token=6af31a3e2694887c2596ad259604d435d317718f5de176c8 (::1) 0.440000ms
/sw/arch/RHEL8/EB_production/2022/software/Python/3.10.4-GCCcore-11.3.0/lib/python3.10/json/encoder.py:257: UserWarning: date_default is deprecated since jupyter_client 7.0.0. Use jupyter_client.jsonutil.json_default.
  return _iterencode(o, 0)
[W 12:01:34.489 NotebookApp] Notebook FC_probing_GCN.ipynb is not trusted
Exception in callback Task.task_wakeup(<Future finis...c: 1\r\n\r\n'>)
handle: <Handle Task.task_wakeup(<Future finis...c: 1\r\n\r\n'>)>
Traceback (most recent call last):
  File "/sw/arch/RHEL8/EB_production/2022/software/Python/3.10.4-GCCcore-11.3.0/lib/python3.10/asyncio/events.py", line 80, in _run
    self._context.run(self._callback, *self._args)
RuntimeError: Cannot enter into task <Task pending name='Task-1' coro=<HTTP1ServerConnection._server_request_loop() running at /sw/arch/RHEL8/EB_production/2022/software/IPython/8.5.0-GCCcore-11.3.0/lib/python3.10/site-packages/tornado/http1connection.py:825> wait_for=<Future finished result=b'GET /kernel...pc: 1\r\n\r\n'> cb=[IOLoop.add_future.<locals>.<lambda>() at /sw/arch/RHEL8/EB_production/2022/software/IPython/8.5.0-GCCcore-11.3.0/lib/python3.10/site-packages/tornado/ioloop.py:687]> while another task <Task pending name='Task-2' coro=<KernelManager._async_start_kernel() running at /sw/arch/RHEL8/EB_production/2022/software/IPython/8.5.0-GCCcore-11.3.0/lib/python3.10/site-packages/jupyter_client/manager.py:75>> is being executed.
Exception in callback Task.task_wakeup(<Future finis...c: 1\r\n\r\n'>)
handle: <Handle Task.task_wakeup(<Future finis...c: 1\r\n\r\n'>)>
Traceback (most recent call last):
  File "/sw/arch/RHEL8/EB_production/2022/software/Python/3.10.4-GCCcore-11.3.0/lib/python3.10/asyncio/events.py", line 80, in _run
    self._context.run(self._callback, *self._args)
RuntimeError: Cannot enter into task <Task pending name='Task-7' coro=<HTTP1ServerConnection._server_request_loop() running at /sw/arch/RHEL8/EB_production/2022/software/IPython/8.5.0-GCCcore-11.3.0/lib/python3.10/site-packages/tornado/http1connection.py:825> wait_for=<Future finished result=b'GET /api/co...pc: 1\r\n\r\n'> cb=[IOLoop.add_future.<locals>.<lambda>() at /sw/arch/RHEL8/EB_production/2022/software/IPython/8.5.0-GCCcore-11.3.0/lib/python3.10/site-packages/tornado/ioloop.py:687]> while another task <Task pending name='Task-2' coro=<KernelManager._async_start_kernel() running at /sw/arch/RHEL8/EB_production/2022/software/IPython/8.5.0-GCCcore-11.3.0/lib/python3.10/site-packages/jupyter_client/manager.py:75>> is being executed.
[I 12:01:35.303 NotebookApp] Kernel started: f1c16327-ccd2-45ea-8cc7-dea7c4cae961, name: python3
[IPKernelApp] ERROR | No such comm target registered: jupyter.widget.control
[IPKernelApp] WARNING | No such comm: fdd24e47-bc1f-48ed-b3bc-53f8072db368
[I 12:01:39.995 NotebookApp] Kernel started: c2ead563-5c4b-400d-b44d-c5fc7653f30d, name: python3
[I 12:01:40.331 NotebookApp] Kernel started: 27749771-d038-4854-8ad0-824e442e3bef, name: python3
[IPKernelApp] ERROR | No such comm target registered: jupyter.widget.control
[IPKernelApp] WARNING | No such comm: 0445d514-5ef7-4c82-bcb7-0b27475f17a2
[IPKernelApp] ERROR | No such comm target registered: jupyter.widget.control
[IPKernelApp] WARNING | No such comm: 015a93e5-5a9b-46ce-93ae-47e6a3fde7ad
[I 12:03:40.663 NotebookApp] Saving file at /FC_probing_GIN_MDD.ipynb
[I 12:04:46.665 NotebookApp] Starting buffering for c2ead563-5c4b-400d-b44d-c5fc7653f30d:97d91a38531e496585e4370946f0efb7
[I 12:04:47.103 NotebookApp] Kernel restarted: c2ead563-5c4b-400d-b44d-c5fc7653f30d
[I 12:04:47.178 NotebookApp] Restoring connection for c2ead563-5c4b-400d-b44d-c5fc7653f30d:97d91a38531e496585e4370946f0efb7
[I 12:04:47.975 NotebookApp] Replaying 3 buffered messages
[I 12:05:40.264 NotebookApp] Saving file at /FC_probing_GIN.ipynb
[I 12:05:41.655 NotebookApp] Saving file at /FC_probing_GIN_MDD.ipynb
[I 12:07:11.774 NotebookApp] Saving file at /FC_probing_GIN.ipynb
[I 12:07:41.639 NotebookApp] Saving file at /FC_probing_GIN_MDD.ipynb
[I 12:09:41.672 NotebookApp] Saving file at /FC_probing_GIN_MDD.ipynb
[I 12:09:52.845 NotebookApp] Saving file at /FC_probing_GIN.ipynb
[I 12:12:03.690 NotebookApp] Saving file at /FC_probing_GIN_MDD.ipynb
[I 12:14:03.702 NotebookApp] Saving file at /FC_probing_GIN_MDD.ipynb
[I 12:16:03.716 NotebookApp] Saving file at /FC_probing_GIN_MDD.ipynb
[I 12:18:03.693 NotebookApp] Saving file at /FC_probing_GIN_MDD.ipynb
[I 12:20:03.709 NotebookApp] Saving file at /FC_probing_GIN_MDD.ipynb
[I 12:22:03.721 NotebookApp] Saving file at /FC_probing_GIN_MDD.ipynb
[I 12:27:40.134 NotebookApp] Saving file at /FC_probing_GIN.ipynb
[I 12:29:07.214 NotebookApp] Saving file at /models/models_FC.py
[I 12:29:12.516 NotebookApp] Starting buffering for 27749771-d038-4854-8ad0-824e442e3bef:56025440d40c42e583a1d26ed11c46f7
[I 12:29:13.254 NotebookApp] Kernel restarted: 27749771-d038-4854-8ad0-824e442e3bef
[I 12:29:13.317 NotebookApp] Restoring connection for 27749771-d038-4854-8ad0-824e442e3bef:56025440d40c42e583a1d26ed11c46f7
[I 12:29:14.318 NotebookApp] Replaying 3 buffered messages
[I 12:29:23.062 NotebookApp] Starting buffering for f1c16327-ccd2-45ea-8cc7-dea7c4cae961:fe2beceb4935470d89df59b9b7da4802
[I 12:29:23.605 NotebookApp] Kernel restarted: f1c16327-ccd2-45ea-8cc7-dea7c4cae961
[I 12:29:23.620 NotebookApp] Restoring connection for f1c16327-ccd2-45ea-8cc7-dea7c4cae961:fe2beceb4935470d89df59b9b7da4802
[I 12:29:24.544 NotebookApp] Replaying 3 buffered messages
[I 12:29:35.424 NotebookApp] Saving file at /FC_probing_GCN.ipynb
[W 12:29:35.424 NotebookApp] Notebook FC_probing_GCN.ipynb is not trusted
[I 12:29:40.431 NotebookApp] Saving file at /FC_probing_GIN.ipynb
[I 12:29:40.780 NotebookApp] Saving file at /FC_probing_GIN_MDD.ipynb
[I 12:31:27.273 NotebookApp] Saving file at /models/models_FC.py
[I 12:31:31.546 NotebookApp] Starting buffering for 27749771-d038-4854-8ad0-824e442e3bef:56025440d40c42e583a1d26ed11c46f7
[I 12:31:32.083 NotebookApp] Kernel restarted: 27749771-d038-4854-8ad0-824e442e3bef
[I 12:31:32.099 NotebookApp] Restoring connection for 27749771-d038-4854-8ad0-824e442e3bef:56025440d40c42e583a1d26ed11c46f7
[I 12:31:33.102 NotebookApp] Replaying 3 buffered messages
[I 12:31:40.741 NotebookApp] Saving file at /FC_probing_GIN_MDD.ipynb
[I 12:32:03.501 NotebookApp] Saving file at /FC_probing_GIN.ipynb
[I 12:33:40.735 NotebookApp] Saving file at /FC_probing_GIN_MDD.ipynb
[I 12:34:03.465 NotebookApp] Saving file at /FC_probing_GIN.ipynb
[I 12:35:40.762 NotebookApp] Saving file at /FC_probing_GIN_MDD.ipynb
[I 12:36:03.474 NotebookApp] Saving file at /FC_probing_GIN.ipynb
[I 12:37:40.742 NotebookApp] Saving file at /FC_probing_GIN_MDD.ipynb
[I 12:38:03.486 NotebookApp] Saving file at /FC_probing_GIN.ipynb
[I 12:39:40.793 NotebookApp] Saving file at /FC_probing_GIN_MDD.ipynb
[I 12:40:03.490 NotebookApp] Saving file at /FC_probing_GIN.ipynb
[I 12:41:40.740 NotebookApp] Saving file at /FC_probing_GIN_MDD.ipynb
[I 12:42:03.502 NotebookApp] Saving file at /FC_probing_GIN.ipynb
[I 12:43:40.803 NotebookApp] Saving file at /FC_probing_GIN_MDD.ipynb
[I 12:44:03.486 NotebookApp] Saving file at /FC_probing_GIN.ipynb
[I 12:45:40.776 NotebookApp] Saving file at /FC_probing_GIN_MDD.ipynb
[I 12:46:03.481 NotebookApp] Saving file at /FC_probing_GIN.ipynb
[I 12:47:40.789 NotebookApp] Saving file at /FC_probing_GIN_MDD.ipynb
[I 12:48:03.499 NotebookApp] Saving file at /FC_probing_GIN.ipynb
[I 12:49:40.783 NotebookApp] Saving file at /FC_probing_GIN_MDD.ipynb
[I 12:50:03.515 NotebookApp] Saving file at /FC_probing_GIN.ipynb
[I 12:52:03.519 NotebookApp] Saving file at /FC_probing_GIN.ipynb
[I 12:54:03.525 NotebookApp] Saving file at /FC_probing_GIN.ipynb
[I 12:56:03.529 NotebookApp] Saving file at /FC_probing_GIN.ipynb
[I 12:58:03.552 NotebookApp] Saving file at /FC_probing_GIN.ipynb
[I 13:00:03.563 NotebookApp] Saving file at /FC_probing_GIN.ipynb
[I 13:02:03.538 NotebookApp] Saving file at /FC_probing_GIN.ipynb
[I 13:04:03.564 NotebookApp] Saving file at /FC_probing_GIN.ipynb
[I 13:06:03.562 NotebookApp] Saving file at /FC_probing_GIN.ipynb
[I 13:08:03.547 NotebookApp] Saving file at /FC_probing_GIN.ipynb
[I 13:10:03.559 NotebookApp] Saving file at /FC_probing_GIN.ipynb
[I 13:12:03.563 NotebookApp] Saving file at /FC_probing_GIN.ipynb
[I 13:14:03.615 NotebookApp] Saving file at /FC_probing_GIN.ipynb
[I 13:16:03.588 NotebookApp] Saving file at /FC_probing_GIN.ipynb
[I 13:18:03.599 NotebookApp] Saving file at /FC_probing_GIN.ipynb
[I 13:20:03.612 NotebookApp] Saving file at /FC_probing_GIN.ipynb
[I 13:22:03.606 NotebookApp] Saving file at /FC_probing_GIN.ipynb
[I 13:24:03.628 NotebookApp] Saving file at /FC_probing_GIN.ipynb
[I 13:26:03.590 NotebookApp] Saving file at /FC_probing_GIN.ipynb
[I 13:28:03.604 NotebookApp] Saving file at /FC_probing_GIN.ipynb
[I 13:30:03.658 NotebookApp] Saving file at /FC_probing_GIN.ipynb
[I 13:32:03.618 NotebookApp] Saving file at /FC_probing_GIN.ipynb
[I 13:34:03.630 NotebookApp] Saving file at /FC_probing_GIN.ipynb
[I 13:36:03.620 NotebookApp] Saving file at /FC_probing_GIN.ipynb
[I 13:38:03.630 NotebookApp] Saving file at /FC_probing_GIN.ipynb
[I 13:40:03.653 NotebookApp] Saving file at /FC_probing_GIN.ipynb
[I 13:42:03.654 NotebookApp] Saving file at /FC_probing_GIN.ipynb
[I 13:44:03.697 NotebookApp] Saving file at /FC_probing_GIN.ipynb
[I 13:46:03.660 NotebookApp] Saving file at /FC_probing_GIN.ipynb
[I 13:48:03.676 NotebookApp] Saving file at /FC_probing_GIN.ipynb
[I 13:50:03.666 NotebookApp] Saving file at /FC_probing_GIN.ipynb
[I 13:52:03.673 NotebookApp] Saving file at /FC_probing_GIN.ipynb
[I 13:54:03.738 NotebookApp] Saving file at /FC_probing_GIN.ipynb
[I 13:56:03.728 NotebookApp] Saving file at /FC_probing_GIN.ipynb
[I 13:58:03.699 NotebookApp] Saving file at /FC_probing_GIN.ipynb
[I 14:00:03.707 NotebookApp] Saving file at /FC_probing_GIN.ipynb
[I 14:02:03.735 NotebookApp] Saving file at /FC_probing_GIN.ipynb
[I 14:04:03.707 NotebookApp] Saving file at /FC_probing_GIN.ipynb
[I 14:06:03.706 NotebookApp] Saving file at /FC_probing_GIN.ipynb
[I 14:08:03.726 NotebookApp] Saving file at /FC_probing_GIN.ipynb
[I 14:10:03.739 NotebookApp] Saving file at /FC_probing_GIN.ipynb
[I 14:11:40.479 NotebookApp] Saving file at /FC_probing_GIN.ipynb
[I 14:13:40.779 NotebookApp] Saving file at /FC_probing_GIN.ipynb
[I 14:13:41.066 NotebookApp] Saving file at /FC_probing_GIN_MDD.ipynb
[I 14:15:39.694 NotebookApp] Saving file at /FC_probing_GIN_MDD.ipynb
[I 14:15:40.842 NotebookApp] Saving file at /FC_probing_GIN.ipynb
[I 14:15:43.219 NotebookApp] Saving file at /FC_probing_GIN.ipynb
[I 14:15:56.627 NotebookApp] Starting buffering for f1c16327-ccd2-45ea-8cc7-dea7c4cae961:fe2beceb4935470d89df59b9b7da4802
[I 14:15:56.863 NotebookApp] Kernel restarted: f1c16327-ccd2-45ea-8cc7-dea7c4cae961
[I 14:15:56.914 NotebookApp] Restoring connection for f1c16327-ccd2-45ea-8cc7-dea7c4cae961:fe2beceb4935470d89df59b9b7da4802
[I 14:15:58.222 NotebookApp] Replaying 3 buffered messages
[I 14:16:13.610 NotebookApp] Saving file at /FC_probing_GCN.ipynb
[W 14:16:13.611 NotebookApp] Notebook FC_probing_GCN.ipynb is not trusted
[I 14:17:35.531 NotebookApp] Saving file at /FC_probing_GCN.ipynb
[I 14:18:03.747 NotebookApp] Saving file at /FC_probing_GIN.ipynb
[I 14:19:40.898 NotebookApp] Saving file at /FC_probing_GIN_MDD.ipynb
[I 14:19:48.192 NotebookApp] Saving file at /FC_probing_GIN.ipynb
[I 14:20:03.544 NotebookApp] Saving file at /FC_probing_GCN.ipynb
[I 14:22:03.548 NotebookApp] Saving file at /FC_probing_GCN.ipynb
[I 14:22:03.826 NotebookApp] Saving file at /FC_probing_GIN.ipynb
[I 14:22:04.168 NotebookApp] Saving file at /FC_probing_GIN_MDD.ipynb
[I 14:24:03.918 NotebookApp] Saving file at /FC_probing_GIN.ipynb
[I 14:24:04.025 NotebookApp] Saving file at /FC_probing_GCN.ipynb
[I 14:24:04.247 NotebookApp] Saving file at /FC_probing_GIN_MDD.ipynb
