GPU available? True
545.23.08
Python 3.10.4
/home/tpelletreaudur/.local/lib/python3.10/site-packages/torch_geometric/deprecation.py:26: UserWarning: 'data.DataLoader' is deprecated, use 'loader.DataLoader' instead
  warnings.warn(out)
/home/tpelletreaudur/.local/lib/python3.10/site-packages/torch_geometric/deprecation.py:26: UserWarning: 'data.DataLoader' is deprecated, use 'loader.DataLoader' instead
  warnings.warn(out)
/home/tpelletreaudur/.local/lib/python3.10/site-packages/torch_geometric/deprecation.py:26: UserWarning: 'data.DataLoader' is deprecated, use 'loader.DataLoader' instead
  warnings.warn(out)
/home/tpelletreaudur/.local/lib/python3.10/site-packages/torch_geometric/deprecation.py:26: UserWarning: 'data.DataLoader' is deprecated, use 'loader.DataLoader' instead
  warnings.warn(out)
/home/tpelletreaudur/.local/lib/python3.10/site-packages/torch_geometric/deprecation.py:26: UserWarning: 'data.DataLoader' is deprecated, use 'loader.DataLoader' instead
  warnings.warn(out)
slurmstepd: error: *** JOB 7382947 ON gcn40 CANCELLED AT 2024-08-09T07:44:57 DUE TO TIME LIMIT ***
slurmstepd: error: container_p_join: setns failed for /slurm/7382947/.ns: Invalid argument
slurmstepd: error: container_g_join(7382947): Invalid argument

JOB STATISTICS
==============
Job ID: 7382947
Cluster: snellius
User/Group: tpelletreaudur/tpelletreaudur
State: TIMEOUT (exit code 0)
Nodes: 1
Cores per node: 18
CPU Utilized: 00:00:04
CPU Efficiency: 0.00% of 12-00:03:18 core-walltime
Job Wall-clock time: 16:00:11
Memory Utilized: 2.83 GB
Memory Efficiency: 2.36% of 120.00 GB
