GPU available? True
545.23.08
Python 3.10.4
/home/tpelletreaudur/.local/lib/python3.10/site-packages/torch_geometric/deprecation.py:26: UserWarning: 'data.DataLoader' is deprecated, use 'loader.DataLoader' instead
  warnings.warn(out)
/home/tpelletreaudur/.local/lib/python3.10/site-packages/torch_geometric/deprecation.py:26: UserWarning: 'data.DataLoader' is deprecated, use 'loader.DataLoader' instead
  warnings.warn(out)
INFO:numexpr.utils:Note: detected 72 virtual cores but NumExpr set to maximum of 64, check "NUMEXPR_MAX_THREADS" environment variable.
INFO:numexpr.utils:Note: NumExpr detected 72 cores but "NUMEXPR_MAX_THREADS" not set, so enforcing safe limit of 8.
INFO:numexpr.utils:NumExpr defaulting to 8 threads.
slurmstepd: error: *** JOB 7381584 ON gcn29 CANCELLED AT 2024-08-08T15:45:03 ***
slurmstepd: error: container_p_join: setns failed for /slurm/7381584/.ns: Invalid argument
slurmstepd: error: container_g_join(7381584): Invalid argument

JOB STATISTICS
==============
Job ID: 7381584
Cluster: snellius
User/Group: tpelletreaudur/tpelletreaudur
State: CANCELLED (exit code 0)
Nodes: 1
Cores per node: 18
CPU Utilized: 00:00:03
CPU Efficiency: 0.00% of 1-00:51:36 core-walltime
Job Wall-clock time: 01:22:52
Memory Utilized: 1.15 GB
Memory Efficiency: 0.96% of 120.00 GB
