/var/spool/slurm/slurmd/job7095876/slurm_script: line 15: conda: command not found
/var/spool/slurm/slurmd/job7095876/slurm_script: line 18: conda: command not found
/var/spool/slurm/slurmd/job7095876/slurm_script: line 19: conda: command not found
slurmstepd: error: execve(): python: No such file or directory
srun: error: gcn32: task 0: Exited with exit code 2
srun: Terminating StepId=7095876.0
545.23.08

JOB STATISTICS
==============
Job ID: 7095876
Cluster: snellius
User/Group: tpelletreaudur/tpelletreaudur
State: RUNNING
Nodes: 1
Cores per node: 18
CPU Utilized: 00:00:00
CPU Efficiency: 0.00% of 00:02:24 core-walltime
Job Wall-clock time: 00:00:08
Memory Utilized: 0.00 MB (estimated maximum)
Memory Efficiency: 0.00% of 120.00 GB (120.00 GB/node)
WARNING: Efficiency statistics may be misleading for RUNNING jobs.
